Unity Editor version:    2020.3.29f1 (2ff179115da0)
Branch:                  2020.3/staging
Build type:              Release
Batch mode:              YES
macOS version:           Version 11.6.4 (Build 20G417)
Darwin version:          20.6.0
Architecture:            x86_64
Running under Rosetta:   NO
Available memory:        8192 MB
Using pre-set license
Pro License: NO

COMMAND LINE ARGUMENTS:
/Applications/Unity/Unity.app/Contents/MacOS/Unity
-adb2
-batchMode
-noUpm
-name
AssetImportWorker0
-projectPath
/Users/ercelwilliams/Desktop/SPRING 2022/uRTCMix-ENT3320/New Folder With Items/Abstract
-logFile
Logs/AssetImportWorker0.log
-srvPort
58316
Successfully changed project path to: /Users/ercelwilliams/Desktop/SPRING 2022/uRTCMix-ENT3320/New Folder With Items/Abstract
/Users/ercelwilliams/Desktop/SPRING 2022/uRTCMix-ENT3320/New Folder With Items/Abstract
Using Asset Import Pipeline V2.
Refreshing native plugins compatible for Editor in 160.58 ms, found 3 plugins.
Preloading 0 native plugins for Editor in 0.00 ms.
Initialize engine version: 2020.3.29f1 (2ff179115da0)
[Subsystems] Discovering subsystems at path /Applications/Unity/Unity.app/Contents/Resources/UnitySubsystems
[Subsystems] Discovering subsystems at path /Users/ercelwilliams/Desktop/SPRING 2022/uRTCMix-ENT3320/New Folder With Items/Abstract/Assets
GfxDevice: creating device client; threaded=0
2022-03-28 22:12:45.380 Unity[6462:224097] Color LCD preferred device: Intel(R) UHD Graphics 617 (low power)
2022-03-28 22:12:45.380 Unity[6462:224097] Metal devices available: 1
2022-03-28 22:12:45.380 Unity[6462:224097] 0: Intel(R) UHD Graphics 617 (low power)
2022-03-28 22:12:45.381 Unity[6462:224097] Using device Intel(R) UHD Graphics 617 (low power)
Initializing Metal device caps: Intel(R) UHD Graphics 617
Initialize mono
Mono path[0] = '/Applications/Unity/Unity.app/Contents/Managed'
Mono path[1] = '/Applications/Unity/Unity.app/Contents/MonoBleedingEdge/lib/mono/unityjit'
Mono config path = '/Applications/Unity/Unity.app/Contents/MonoBleedingEdge/etc'
Using monoOptions --debugger-agent=transport=dt_socket,embedding=1,server=y,suspend=n,address=127.0.0.1:56462
Begin MonoManager ReloadAssembly
Registering precompiled unity dll's ...
Register platform support module: /Applications/Unity/Unity.app/Contents/PlaybackEngines/MacStandaloneSupport/UnityEditor.OSXStandalone.Extensions.dll
Registered in 0.003338 seconds.
Native extension for OSXStandalone target not found
Refreshing native plugins compatible for Editor in 52.39 ms, found 3 plugins.
Preloading 0 native plugins for Editor in 0.00 ms.
Mono: successfully reloaded assembly
- Completed reload, in  1.481 seconds
Domain Reload Profiling:
	ReloadAssembly (1481ms)
		BeginReloadAssembly (175ms)
			ExecutionOrderSort (0ms)
			DisableScriptedObjects (0ms)
			BackupInstance (0ms)
			ReleaseScriptingObjects (0ms)
			CreateAndSetChildDomain (2ms)
		EndReloadAssembly (1119ms)
			LoadAssemblies (175ms)
			RebuildTransferFunctionScriptingTraits (0ms)
			SetupTypeCache (399ms)
			ReleaseScriptCaches (0ms)
			RebuildScriptCaches (93ms)
			SetupLoadedEditorAssemblies (398ms)
				LogAssemblyErrors (0ms)
				InitializePlatformSupportModulesInManaged (9ms)
				SetLoadedEditorAssemblies (1ms)
				RefreshPlugins (52ms)
				BeforeProcessingInitializeOnLoad (19ms)
				ProcessInitializeOnLoadAttributes (242ms)
				ProcessInitializeOnLoadMethodAttributes (73ms)
				AfterProcessingInitializeOnLoad (0ms)
				EditorAssembliesLoaded (1ms)
			ExecutionOrderSort2 (0ms)
			AwakeInstancesAfterBackupRestoration (0ms)
Platform modules already initialized, skipping
Registering precompiled user dll's ...
Registered in 0.010320 seconds.
Begin MonoManager ReloadAssembly
Native extension for OSXStandalone target not found
Refreshing native plugins compatible for Editor in 0.68 ms, found 3 plugins.
Preloading 0 native plugins for Editor in 0.00 ms.
Mono: successfully reloaded assembly
- Completed reload, in  3.451 seconds
Domain Reload Profiling:
	ReloadAssembly (3452ms)
		BeginReloadAssembly (517ms)
			ExecutionOrderSort (0ms)
			DisableScriptedObjects (10ms)
			BackupInstance (0ms)
			ReleaseScriptingObjects (0ms)
			CreateAndSetChildDomain (99ms)
		EndReloadAssembly (2775ms)
			LoadAssemblies (214ms)
			RebuildTransferFunctionScriptingTraits (0ms)
			SetupTypeCache (1292ms)
			ReleaseScriptCaches (1ms)
			RebuildScriptCaches (195ms)
			SetupLoadedEditorAssemblies (843ms)
				LogAssemblyErrors (0ms)
				InitializePlatformSupportModulesInManaged (10ms)
				SetLoadedEditorAssemblies (1ms)
				RefreshPlugins (1ms)
				BeforeProcessingInitializeOnLoad (117ms)
				ProcessInitializeOnLoadAttributes (690ms)
				ProcessInitializeOnLoadMethodAttributes (22ms)
				AfterProcessingInitializeOnLoad (2ms)
				EditorAssembliesLoaded (0ms)
			ExecutionOrderSort2 (0ms)
			AwakeInstancesAfterBackupRestoration (17ms)
Platform modules already initialized, skipping
Validating Project structure ... 0.001027 seconds.
Shader import version has changed; will reimport all shaders...
Upgrading shader files ...0.000832 seconds.
Application.AssetDatabase Initial Script Refresh Start
RefreshInfo: InitialScriptRefreshV2(NoUpdateAssetOptions) scanfilter:  ... 1 filters
RefreshProfiler: Total: 0.000ms
Application.AssetDatabase Initial Script Refresh End
Application.AssetDatabase.Refresh Start
Application.AssetDatabase.Refresh End
RefreshInfo: StopAssetImportingV2(ForceSynchronousImport) scanfilter: 
RefreshProfiler: Total: 0.000ms
Launching external process: /Applications/Unity/Unity.app/Contents/Tools/UnityShaderCompiler
Launched and connected shader compiler UnityShaderCompiler after 0.03 seconds
Initializing Unity extensions:
========================================================================
Worker process is ready to serve import requests
Refreshing native plugins compatible for Editor in 0.42 ms, found 3 plugins.
Preloading 0 native plugins for Editor in 0.00 ms.
Unloading 1510 Unused Serialized files (Serialized files now loaded: 0)
System memory in use before: 175.4 MB.
System memory in use after: 174.6 MB.

Unloading 80 unused Assets to reduce memory usage. Loaded Objects now: 1981.
Total: 10.753042 ms (FindLiveObjects: 0.264967 ms CreateObjectMapping: 0.124966 ms MarkObjects: 9.670440 ms  DeleteObjects: 0.691458 ms)

AssetImportParameters requested are different than current active one (requested -> active):
  custom:video-decoder-ogg-theora: a1e56fd34408186e4bbccfd4996cb3dc -> 
  custom:container-muxer-webm: aa71ff27fc2769a1b78a27578f13a17b -> 
  custom:container-demuxer-webm: 4f35f7cbe854078d1ac9338744f61a02 -> 
  custom:container-demuxer-ogg: 62fdf1f143b41e24485cea50d1cbac27 -> 
  custom:video-encoder-webm-vp8: eb34c28f22e8b96e1ab97ce403110664 -> 
  custom:framework-osx-AVFoundation: e770b220cccbd017edd2c1fefb359320 -> 
  custom:video-decoder-webm-vp8: 9c59270c3fd7afecdb556c50c9e8de78 -> 
  custom:audio-decoder-ogg-vorbis: bf7c407c2cedff20999df2af8eb42d56 -> 
  custom:audio-encoder-webm-vorbis: bf7c407c2cedff20999df2af8eb42d56 -> 
========================================================================
Received Import Request.
  path: Assets/Scenes
  artifactKey: Guid(0f91c69b807364219a4eb51993a25aec) Importer(815301076,1909f56bfc062723c751e8b465ee728b)
Start importing Assets/Scenes using Guid(0f91c69b807364219a4eb51993a25aec) Importer(815301076,1909f56bfc062723c751e8b465ee728b)  -> (artifact id: 'b0cd3bc91df19b7f0d68e4a6548186f8') in 0.016488 seconds 
  Import took 0.026188 seconds .

========================================================================
Received Import Request.
  Time since last request: 28.455525 seconds.
  path: Assets/SIREN (1).wav
  artifactKey: Guid(9ffda129e412f47948306c53829fc229) Importer(815301076,1909f56bfc062723c751e8b465ee728b)
Start importing Assets/SIREN (1).wav using Guid(9ffda129e412f47948306c53829fc229) Importer(815301076,1909f56bfc062723c751e8b465ee728b)  -> (artifact id: '214a9dd9f164b2ffb7518b4097520f2a') in 2.847482 seconds 
  Import took 2.903317 seconds .

========================================================================
Received Import Request.
  Time since last request: 12.670468 seconds.
  path: Assets/(updated)distort of siren.txt
  artifactKey: Guid(4aaa0b336e9004f8ebf628bd3bbae681) Importer(815301076,1909f56bfc062723c751e8b465ee728b)
Start importing Assets/(updated)distort of siren.txt using Guid(4aaa0b336e9004f8ebf628bd3bbae681) Importer(815301076,1909f56bfc062723c751e8b465ee728b)  -> (artifact id: '5b600f89ae32d69cb8c3b2911ca54ed5') in 6.561871 seconds 
  Import took 6.574774 seconds .

========================================================================
Received Import Request.
  Time since last request: 11.991983 seconds.
  path: Assets/abstractsounds.cs
  artifactKey: Guid(c5e3755e33c0a407697d1b75e2658223) Importer(815301076,1909f56bfc062723c751e8b465ee728b)
Start importing Assets/abstractsounds.cs using Guid(c5e3755e33c0a407697d1b75e2658223) Importer(815301076,1909f56bfc062723c751e8b465ee728b)  -> (artifact id: '1ca178bc5400e20d8593930981d85176') in 1.490209 seconds 
  Import took 1.501970 seconds .

========================================================================
Received Import Request.
  Time since last request: 12.297148 seconds.
  path: Assets/uRTcmix-0.91/prefabs/beep.prefab
  artifactKey: Guid(5f35e6b598c1b496e978c6d5c26c2721) Importer(815301076,1909f56bfc062723c751e8b465ee728b)
Start importing Assets/uRTcmix-0.91/prefabs/beep.prefab using Guid(5f35e6b598c1b496e978c6d5c26c2721) Importer(815301076,1909f56bfc062723c751e8b465ee728b)  -> (artifact id: '649b0574618099a606b8e1f7d47fce70') in 2.407802 seconds 
  Import took 2.422309 seconds .

========================================================================
Received Import Request.
  Time since last request: 0.002015 seconds.
  path: Assets/uRTcmix-0.91/prefabs/RTcmixmain.prefab
  artifactKey: Guid(73f12befbf8d8410ea998d7b761df418) Importer(815301076,1909f56bfc062723c751e8b465ee728b)
Start importing Assets/uRTcmix-0.91/prefabs/RTcmixmain.prefab using Guid(73f12befbf8d8410ea998d7b761df418) Importer(815301076,1909f56bfc062723c751e8b465ee728b)  -> (artifact id: 'a039259c8924ea8936b58b97d14d549c') in 0.009738 seconds 
  Import took 0.014791 seconds .

========================================================================
Received Import Request.
  Time since last request: 1342.477662 seconds.
  path: Assets/Humpback whale
  artifactKey: Guid(58f11570e0353914f9e1b40972906413) Importer(815301076,1909f56bfc062723c751e8b465ee728b)
Start importing Assets/Humpback whale using Guid(58f11570e0353914f9e1b40972906413) Importer(815301076,1909f56bfc062723c751e8b465ee728b)  -> (artifact id: '15255570b86d9bf23bae9d436cd69ff1') in 0.005078 seconds 
  Import took 0.037850 seconds .

========================================================================
Received Import Request.
  Time since last request: 0.130563 seconds.
  path: Assets/Humpback whale/humpback_whale_model23.FBX
  artifactKey: Guid(087a2ac1c75bbc34aa1d66d7766c1d5b) Importer(815301076,1909f56bfc062723c751e8b465ee728b)
Start importing Assets/Humpback whale/humpback_whale_model23.FBX using Guid(087a2ac1c75bbc34aa1d66d7766c1d5b) Importer(815301076,1909f56bfc062723c751e8b465ee728b)  -> (artifact id: 'c06f96d203b38012e58c707eb8420c94') in 1.608724 seconds 
  Import took 1.625967 seconds .

========================================================================
Received Import Request.
  Time since last request: 0.000385 seconds.
  path: Assets/Humpback whale/humpback_whale_model_baked_animation.FBX
  artifactKey: Guid(035a8130f4329504aaa80f75dc72628d) Importer(815301076,1909f56bfc062723c751e8b465ee728b)
Start importing Assets/Humpback whale/humpback_whale_model_baked_animation.FBX using Guid(035a8130f4329504aaa80f75dc72628d) Importer(815301076,1909f56bfc062723c751e8b465ee728b)  -> (artifact id: '8bf74410d0769c1de1e7dd70bd46d27f') in 0.123844 seconds 
  Import took 0.129466 seconds .

