Unity Editor version:    2020.3.29f1 (2ff179115da0)
Branch:                  2020.3/staging
Build type:              Release
Batch mode:              YES
macOS version:           Version 11.6.4 (Build 20G417)
Darwin version:          20.6.0
Architecture:            x86_64
Running under Rosetta:   NO
Available memory:        8192 MB
Using pre-set license
Pro License: NO

COMMAND LINE ARGUMENTS:
/Applications/Unity/Unity.app/Contents/MacOS/Unity
-adb2
-batchMode
-noUpm
-name
AssetImportWorker0
-projectPath
/Users/ercelwilliams/Desktop/SPRING 2022/uRTCMix-ENT3320/New Folder With Items/Abstract
-logFile
Logs/AssetImportWorker0.log
-srvPort
50782
Successfully changed project path to: /Users/ercelwilliams/Desktop/SPRING 2022/uRTCMix-ENT3320/New Folder With Items/Abstract
/Users/ercelwilliams/Desktop/SPRING 2022/uRTCMix-ENT3320/New Folder With Items/Abstract
Using Asset Import Pipeline V2.
Refreshing native plugins compatible for Editor in 119.59 ms, found 3 plugins.
Preloading 0 native plugins for Editor in 0.00 ms.
Initialize engine version: 2020.3.29f1 (2ff179115da0)
[Subsystems] Discovering subsystems at path /Applications/Unity/Unity.app/Contents/Resources/UnitySubsystems
[Subsystems] Discovering subsystems at path /Users/ercelwilliams/Desktop/SPRING 2022/uRTCMix-ENT3320/New Folder With Items/Abstract/Assets
GfxDevice: creating device client; threaded=0
2022-03-29 09:20:48.601 Unity[1497:55592] Color LCD preferred device: Intel(R) UHD Graphics 617 (low power)
2022-03-29 09:20:48.601 Unity[1497:55592] Metal devices available: 1
2022-03-29 09:20:48.601 Unity[1497:55592] 0: Intel(R) UHD Graphics 617 (low power)
2022-03-29 09:20:48.602 Unity[1497:55592] Using device Intel(R) UHD Graphics 617 (low power)
Initializing Metal device caps: Intel(R) UHD Graphics 617
Initialize mono
Mono path[0] = '/Applications/Unity/Unity.app/Contents/Managed'
Mono path[1] = '/Applications/Unity/Unity.app/Contents/MonoBleedingEdge/lib/mono/unityjit'
Mono config path = '/Applications/Unity/Unity.app/Contents/MonoBleedingEdge/etc'
Using monoOptions --debugger-agent=transport=dt_socket,embedding=1,server=y,suspend=n,address=127.0.0.1:56497
Begin MonoManager ReloadAssembly
Registering precompiled unity dll's ...
Register platform support module: /Applications/Unity/Unity.app/Contents/PlaybackEngines/MacStandaloneSupport/UnityEditor.OSXStandalone.Extensions.dll
Registered in 0.003888 seconds.
Native extension for OSXStandalone target not found
Refreshing native plugins compatible for Editor in 175.48 ms, found 3 plugins.
Preloading 0 native plugins for Editor in 0.00 ms.
Mono: successfully reloaded assembly
- Completed reload, in  3.194 seconds
Domain Reload Profiling:
	ReloadAssembly (3194ms)
		BeginReloadAssembly (271ms)
			ExecutionOrderSort (0ms)
			DisableScriptedObjects (0ms)
			BackupInstance (0ms)
			ReleaseScriptingObjects (0ms)
			CreateAndSetChildDomain (2ms)
		EndReloadAssembly (2586ms)
			LoadAssemblies (272ms)
			RebuildTransferFunctionScriptingTraits (0ms)
			SetupTypeCache (470ms)
			ReleaseScriptCaches (0ms)
			RebuildScriptCaches (760ms)
			SetupLoadedEditorAssemblies (750ms)
				LogAssemblyErrors (0ms)
				InitializePlatformSupportModulesInManaged (64ms)
				SetLoadedEditorAssemblies (1ms)
				RefreshPlugins (176ms)
				BeforeProcessingInitializeOnLoad (67ms)
				ProcessInitializeOnLoadAttributes (347ms)
				ProcessInitializeOnLoadMethodAttributes (96ms)
				AfterProcessingInitializeOnLoad (0ms)
				EditorAssembliesLoaded (0ms)
			ExecutionOrderSort2 (0ms)
			AwakeInstancesAfterBackupRestoration (0ms)
Platform modules already initialized, skipping
Registering precompiled user dll's ...
Registered in 0.007641 seconds.
Begin MonoManager ReloadAssembly
Native extension for OSXStandalone target not found
Refreshing native plugins compatible for Editor in 0.75 ms, found 3 plugins.
Preloading 0 native plugins for Editor in 0.00 ms.
Mono: successfully reloaded assembly
- Completed reload, in  5.444 seconds
Domain Reload Profiling:
	ReloadAssembly (5445ms)
		BeginReloadAssembly (697ms)
			ExecutionOrderSort (0ms)
			DisableScriptedObjects (11ms)
			BackupInstance (0ms)
			ReleaseScriptingObjects (0ms)
			CreateAndSetChildDomain (152ms)
		EndReloadAssembly (4307ms)
			LoadAssemblies (431ms)
			RebuildTransferFunctionScriptingTraits (0ms)
			SetupTypeCache (828ms)
			ReleaseScriptCaches (1ms)
			RebuildScriptCaches (544ms)
			SetupLoadedEditorAssemblies (1918ms)
				LogAssemblyErrors (0ms)
				InitializePlatformSupportModulesInManaged (21ms)
				SetLoadedEditorAssemblies (6ms)
				RefreshPlugins (1ms)
				BeforeProcessingInitializeOnLoad (353ms)
				ProcessInitializeOnLoadAttributes (1495ms)
				ProcessInitializeOnLoadMethodAttributes (39ms)
				AfterProcessingInitializeOnLoad (3ms)
				EditorAssembliesLoaded (0ms)
			ExecutionOrderSort2 (0ms)
			AwakeInstancesAfterBackupRestoration (33ms)
Platform modules already initialized, skipping
Validating Project structure ... 0.004390 seconds.
Shader import version has changed; will reimport all shaders...
Upgrading shader files ...0.002647 seconds.
Application.AssetDatabase Initial Script Refresh Start
RefreshInfo: InitialScriptRefreshV2(NoUpdateAssetOptions) scanfilter:  ... 1 filters
RefreshProfiler: Total: 0.000ms
Application.AssetDatabase Initial Script Refresh End
Application.AssetDatabase.Refresh Start
Application.AssetDatabase.Refresh End
RefreshInfo: StopAssetImportingV2(ForceSynchronousImport) scanfilter: 
RefreshProfiler: Total: 0.000ms
Launching external process: /Applications/Unity/Unity.app/Contents/Tools/UnityShaderCompiler
Launched and connected shader compiler UnityShaderCompiler after 0.03 seconds
Initializing Unity extensions:
========================================================================
Worker process is ready to serve import requests
Refreshing native plugins compatible for Editor in 0.51 ms, found 3 plugins.
Preloading 0 native plugins for Editor in 0.00 ms.
Unloading 1511 Unused Serialized files (Serialized files now loaded: 0)
System memory in use before: 176.6 MB.
System memory in use after: 175.8 MB.

Unloading 80 unused Assets to reduce memory usage. Loaded Objects now: 1982.
Total: 4.705410 ms (FindLiveObjects: 0.188246 ms CreateObjectMapping: 0.068241 ms MarkObjects: 3.757233 ms  DeleteObjects: 0.690494 ms)

AssetImportParameters requested are different than current active one (requested -> active):
  custom:video-decoder-ogg-theora: a1e56fd34408186e4bbccfd4996cb3dc -> 
  custom:container-muxer-webm: aa71ff27fc2769a1b78a27578f13a17b -> 
  custom:container-demuxer-webm: 4f35f7cbe854078d1ac9338744f61a02 -> 
  custom:container-demuxer-ogg: 62fdf1f143b41e24485cea50d1cbac27 -> 
  custom:video-encoder-webm-vp8: eb34c28f22e8b96e1ab97ce403110664 -> 
  custom:framework-osx-AVFoundation: e770b220cccbd017edd2c1fefb359320 -> 
  custom:video-decoder-webm-vp8: 9c59270c3fd7afecdb556c50c9e8de78 -> 
  custom:audio-decoder-ogg-vorbis: bf7c407c2cedff20999df2af8eb42d56 -> 
  custom:audio-encoder-webm-vorbis: bf7c407c2cedff20999df2af8eb42d56 -> 
========================================================================
Received Import Request.
  path: Assets/Pier-House 3
  artifactKey: Guid(e01614419e14943ac8467fb8f03c27d1) Importer(815301076,1909f56bfc062723c751e8b465ee728b)
Start importing Assets/Pier-House 3 using Guid(e01614419e14943ac8467fb8f03c27d1) Importer(815301076,1909f56bfc062723c751e8b465ee728b)  -> (artifact id: '0839987dffb7dcf54acada40ab415fc8') in 0.007937 seconds 
  Import took 0.012283 seconds .

========================================================================
Received Import Request.
  Time since last request: 0.000410 seconds.
  path: Assets/Pier-House 3/Prefab
  artifactKey: Guid(8bece72b6866d4884b29ce499087e3a7) Importer(815301076,1909f56bfc062723c751e8b465ee728b)
Start importing Assets/Pier-House 3/Prefab using Guid(8bece72b6866d4884b29ce499087e3a7) Importer(815301076,1909f56bfc062723c751e8b465ee728b)  -> (artifact id: '00d7d0920980bbee6ae2b808f41fecc0') in 0.002411 seconds 
  Import took 0.006267 seconds .

========================================================================
Received Import Request.
  Time since last request: 0.000370 seconds.
  path: Assets/Pier-House 3/Prefab/Pier_house.prefab
  artifactKey: Guid(365a1332207136847ad1ac1582be2e0a) Importer(815301076,1909f56bfc062723c751e8b465ee728b)
Start importing Assets/Pier-House 3/Prefab/Pier_house.prefab using Guid(365a1332207136847ad1ac1582be2e0a) Importer(815301076,1909f56bfc062723c751e8b465ee728b)  -> (artifact id: 'bb4577d53e4ac156d796d384017414e9') in 4.240838 seconds 
  Import took 4.276974 seconds .

========================================================================
Received Import Request.
  Time since last request: 15.077511 seconds.
  path: Assets/Pier-House 3/Prefab/boat 1.prefab
  artifactKey: Guid(37ffa7996a3733e4bb8b035025987484) Importer(815301076,1909f56bfc062723c751e8b465ee728b)
Start importing Assets/Pier-House 3/Prefab/boat 1.prefab using Guid(37ffa7996a3733e4bb8b035025987484) Importer(815301076,1909f56bfc062723c751e8b465ee728b)  -> (artifact id: '7a7e8ee6bc9ebbcf0a63b23f83376c7d') in 0.107959 seconds 
  Import took 0.115707 seconds .

========================================================================
Received Import Request.
  Time since last request: 697.970686 seconds.
  path: Assets/humbacksounds.cs
  artifactKey: Guid(4382382fd165946c1b23896a472c97e1) Importer(815301076,1909f56bfc062723c751e8b465ee728b)
Start importing Assets/humbacksounds.cs using Guid(4382382fd165946c1b23896a472c97e1) Importer(815301076,1909f56bfc062723c751e8b465ee728b)  -> (artifact id: '83e2349fcbeff94ad1becf4f07fc21cb') in 0.688456 seconds 
  Import took 0.701901 seconds .

========================================================================
Received Import Request.
  Time since last request: 9.114491 seconds.
  path: Assets/humpbacksounds.cs
  artifactKey: Guid(4382382fd165946c1b23896a472c97e1) Importer(815301076,1909f56bfc062723c751e8b465ee728b)
Start importing Assets/humpbacksounds.cs using Guid(4382382fd165946c1b23896a472c97e1) Importer(815301076,1909f56bfc062723c751e8b465ee728b)  -> (artifact id: '4f5b45265a7637c9df50f23bd618d76d') in 0.007621 seconds 
  Import took 0.012548 seconds .

========================================================================
Received Import Request.
  Time since last request: 43.123645 seconds.
  path: Assets/abstractsounds.cs
  artifactKey: Guid(c5e3755e33c0a407697d1b75e2658223) Importer(815301076,1909f56bfc062723c751e8b465ee728b)
Start importing Assets/abstractsounds.cs using Guid(c5e3755e33c0a407697d1b75e2658223) Importer(815301076,1909f56bfc062723c751e8b465ee728b)  -> (artifact id: '167504782e3cfbc36672702c7619cb9f') in 0.009217 seconds 
  Import took 0.014047 seconds .

========================================================================
Received Import Request.
  Time since last request: 107.258169 seconds.
  path: Assets/abstractsounds.cs
  artifactKey: Guid(c5e3755e33c0a407697d1b75e2658223) Importer(815301076,1909f56bfc062723c751e8b465ee728b)
Start importing Assets/abstractsounds.cs using Guid(c5e3755e33c0a407697d1b75e2658223) Importer(815301076,1909f56bfc062723c751e8b465ee728b)  -> (artifact id: '3cbad216868c3efb56cb95ef43d7bc07') in 0.007880 seconds 
  Import took 0.017279 seconds .

